20.511627 
37.544094 
22.331974 
28.345182 
24.229698 
20.436857 
9.728544 
22.253948 
18.625757 
18.151758 
35.388718 
21.543516 
19.772814 
25.312534 
17.935289 
16.001171 
32.319939 
18.563826 
22.049265 
33.061638 
27.162210 
21.728609 
28.598595 
19.628429 
17.919157 
28.390291 
16.224661 
22.069954 
27.673132 
26.823528 
19.845774 
28.890238 
21.335388 
19.274939 
26.398520 
18.946770 
24.692932 
26.894962 
26.108648 
22.527729 
27.552383 
21.405502 
19.655346 
25.253626 
17.596088 
25.244047 
27.249474 
25.106688 
20.907623 
28.326872 
23.387098 
18.870361 
25.147728 
18.926325 
25.173929 
25.794781 
24.145613 
22.153154 
28.758455 
23.275869 
18.359455 
26.812984 
21.754080 
25.257669 
24.526049 
24.039957 
20.294401 
26.757124 
22.832901 
19.594036 
24.729742 
22.231634 
26.498510 
23.934599 
23.853586 
19.885176 
25.957272 
25.387383 
19.299376 
24.195015 
23.511690 
27.470743 
22.573923 
25.575771 
20.016645 
26.725138 
25.343616 
19.125288 
23.698866 
23.259007 
29.072088 
23.722015 
24.817772 
20.818947 
26.210112 
24.357725 
19.683382 
24.045330 
22.955820 
28.445444 
24.372849 
24.503939 
20.817678 
26.578028 
25.856209 
19.715464 
24.519173 
23.495878 
28.736488 
25.823427 
25.841982 
20.685865 
26.668926 
25.202742 
20.171974 
24.527433 
22.834887 
28.456329 
26.063320 
24.565229 
20.494419 
26.317739 
25.249182 
19.608725 
24.508615 
24.080812 
27.864044 
25.165768 
25.898167 
21.371485 
26.904799 
24.660561 
20.845795 
25.523552 
24.440367 
27.538507 
25.815098 
25.364170 
21.228706 
26.020657 
24.009911 
20.531948 
25.020880 
23.628576 
27.084911 
25.703791 
25.542904 
22.674200 
25.530661 
24.471601 
21.500582 
24.278311 
24.327662 
26.933022 
25.917044 
25.477365 
21.744339 
24.973471 
24.206175 
22.265255 
25.232914 
24.331694 
27.299749 
25.637323 
25.089581 
21.430279 
25.362236 
25.091406 
22.473997 
25.136869 
23.716133 
27.009592 
25.614994 
24.803822 
22.660059 
24.962252 
25.376648 
22.566547 
24.810833 
24.153254 
26.735983 
26.159357 
25.673107 
22.357168 
24.743254 
25.352957 
22.063091 
25.921915 
23.930830 
27.736311 
26.035389 
25.510113 
22.285576 
24.952757 
25.466223 
22.259176 
26.377222 
23.914000 
27.596115 
26.587070 
24.932005 
22.304539 
24.577019 
26.090454 
22.204409 
26.254984 
23.614565 
27.379835 
26.408041 
24.817152 
22.727472 
24.899492 
26.344109 
22.614235 
26.061281 
23.526175 
26.974159 
27.178301 
24.975044 
23.243507 
25.146580 
26.818209 
22.283030 
25.478985 
23.224304 
26.970926 
26.945726 
24.979164 
23.479191 
24.743843 
27.285379 
22.655296 
25.913715 
23.484447 
27.985498 
27.307146 
25.738291 
23.701115 
24.454226 
27.127811 
22.560966 
25.943680 
23.884138 
27.564959 
27.501965 
25.868771 
24.191874 
24.409424 
26.886751 
22.725327 
25.877918 
24.153942 
27.143755 
27.542557 
25.768799 
24.300886 
24.031509 
27.244738 
22.653114 
26.218500 
23.723640 
27.152779 
27.184092 
26.093452 
24.265400 
24.718721 
27.024666 
22.284458 
26.269056 
23.258984 
26.722288 
27.066015 
26.053156 
24.690325 
24.811453 
27.089100 
21.965633 
25.852783 
23.995937 
26.538769 
27.347622 
25.856920 
25.400988 
24.922993 
26.686169 
22.126799 
25.720085 
24.055241 
26.542271 
27.330191 
25.888248 
25.449726 
24.989817 
27.049833 
21.998835 
26.121651 
23.874714 
26.484547 
27.752567 
26.170151 
25.284935 
24.976662 
27.128849 
21.811213 
25.936115 
24.213871 
26.460388 
28.099874 
26.019434 
26.311918 
24.999998 
26.671047 
21.379154 
25.864429 
24.583084 
26.379940 
28.252163 
25.684330 
25.956484 
25.182014 
26.788240 
21.958393 
25.693401 
24.217569 
26.968281 
28.076204 
25.774384 
25.960844 
24.898796 
26.625809 
22.431574 
25.973932 
23.939056 
26.504957 
28.149565 
25.528036 
26.087414 
25.548895 
26.467230 
22.269615 
25.830500 
23.550062 
26.223692 
28.275034 
25.197533 
25.906338 
25.869473 
26.423302 
22.284971 
25.708120 
23.441637 
26.016209 
27.793247 
25.399185 
25.772684 
25.925304 
26.683262 
22.312267 
25.594839 
23.869610 
26.483330 
27.602348 
25.443275 
25.745010 
26.088572 
26.759289 
22.018858 
25.351950 
23.621674 
26.040573 
27.668318 
25.260263 
25.707571 
26.510620 
26.796524 
21.880260 
25.825882 
23.526520 
26.021578 
27.828579 
25.194248 
25.836826 
26.584337 
26.604225 
21.990808 
25.810682 
23.531767 
25.974762 
27.519478 
25.346901 
25.943626 
26.243322 
26.633150 
22.095398 
25.593880 
23.189507 
26.176424 
27.241550 
25.301836 
26.110365 
26.391716 
26.530531 
22.084146 
25.313250 
23.135275 
26.010029 
27.042112 
25.339037 
26.118040 
26.381443 
26.505535 
22.144226 
25.291672 
23.383553 
25.846991 
26.941071 
25.607204 
25.837770 
26.595360 
26.367548 
22.186552 
25.611689 
23.191486 
25.670256 
27.088661 
25.953733 
26.091413 
26.527628 
26.447914 
22.279869 
25.786224 
23.337667 
25.739256 
27.459120 
26.174114 
25.953787 
26.443775 
26.432976 
22.062111 
25.545979 
23.388004 
25.873001 
27.319029 
26.029243 
25.784021 
26.636681 
26.585413 
22.055908 
25.638330 
23.486374 
25.880663 
27.245813 
25.931620 
26.329000 
26.614706 
26.719868 
22.219727 
25.675278 
23.199732 
25.970076 
27.210144 
26.025820 
26.530300 
26.701565 
26.704861 
22.200518 
25.685673 
23.166485 
25.884510 
27.279556 
25.914433 
26.397303 
26.553442 
26.942694 
22.291389 
25.522205 
23.420853 
25.575846 
27.078529 
25.910444 
26.387524 
26.543934 
27.137289 
22.195444 
25.750723 
23.482109 
25.748205 
27.167191 
25.966572 
26.215931 
26.488842 
27.210245 
22.516575 
25.580076 
23.662056 
25.772842 
27.135191 
25.925760 
26.327002 
26.381332 
27.062733 
22.426805 
25.768503 
23.657820 
25.800146 
27.390457 
26.254974 
26.478695 
26.580448 
27.094097 
22.404575 
25.573593 
23.691492 
25.570457 
27.455311 
26.171957 
26.399673 
26.507608 
26.759930 
22.419855 
25.727762 
23.701033 
25.500828 
27.611481 
26.439695 
26.210163 
26.538729 
26.866106 
22.684980 
25.510416 
23.453396 
25.407444 
27.426086 
26.533026 
26.234486 
26.490078 
26.749838 
22.581575 
25.447086 
23.523510 
25.260862 
27.263115 
26.401903 
26.481953 
26.561234 
27.041998 
22.448092 
25.605141 
23.555494 
25.200981 
27.456837 
26.362022 
26.383858 
26.409473 
27.142145 
22.554827 
25.338881 
23.886904 
24.990549 
27.402521 
26.121622 
26.193760 
26.157145 
27.060303 
22.615444 
25.431280 
23.765375 
25.032099 
27.481392 
25.980593 
26.269753 
26.140800 
27.101467 
22.635321 
25.326286 
23.748646 
25.023882 
27.483585 
25.901094 
26.395430 
26.530590 
27.146706 
22.639683 
25.335810 
23.681122 
25.179213 
27.353148 
25.850460 
26.398104 
26.596994 
27.274525 
22.586040 
25.167904 
23.587128 
24.937553 
27.360346 
25.774149 
26.223244 
26.589708 
27.154772 
22.573818 
25.319494 
23.641985 
25.266733 
27.194046 
25.782721 
26.104650 
26.481936 
27.055374 
22.710234 
25.156273 
23.517805 
25.122290 
27.178591 
25.817924 
26.021296 
26.750938 
27.012857 
22.626074 
25.200533 
23.617176 
25.084671 
27.024639 
25.720366 
26.108068 
26.722075 
26.888731 
22.603598 
25.182966 
23.666618 
25.273874 
27.010475 
25.709583 
25.953484 
26.668142 
26.964294 
22.722809 
25.109499 
23.903538 
25.254017 
26.923138 
25.599995 
25.925186 
26.586491 
26.838142 
22.740381 
25.191174 
24.111652 
25.081255 
26.888020 
25.795681 
26.014397 
26.575151 
26.878164 
22.895296 
25.375231 
24.210178 
24.889448 
26.700209 
25.772701 
26.030113 
26.627451 
26.829191 
22.941086 
25.591263 
24.186094 
25.064398 
26.842781 
25.649359 
26.018309 
26.389570 
26.937794 
23.093636 
25.558960 
24.052425 
24.940731 
26.791239 
25.592487 
25.832413 
26.408920 
27.074295 
23.110668 
25.409521 
24.308855 
24.742785 
26.851942 
25.478914 
25.904152 
26.548374 
27.128494 
23.146349 
25.351974 
24.327692 
24.860212 
26.668478 
25.507013 
26.030382 
26.383335 
27.156876 
23.187750 
25.217434 
24.283957 
24.997564 
26.702690 
25.373047 
26.204367 
26.467937 
27.154610 
23.061731 
25.225050 
24.235735 
24.956593 
26.554138 
25.373220 
26.218410 
26.380924 
27.207977 
23.193203 
25.357315 
24.150450 
25.005865 
26.543716 
25.234573 
26.261538 
26.381531 
27.160233 
23.159250 
25.379576 
24.040243 
25.444813 
26.634798 
25.107954 
26.517790 
26.245049 
27.124115 
22.982304 
25.503668 
24.183846 
25.465176 
26.922058 
24.998253 
26.299343 
26.205460 
27.062016 
22.860065 
25.342171 
24.240429 
25.502243 
26.902716 
24.965132 
26.216431 
26.006487 
27.135452 
23.082937 
25.488127 
24.354519 
25.498745 
27.090570 
24.782642 
26.277178 
26.142448 
27.192570 
23.127430 
25.718000 
24.279230 
25.490520 
27.079002 
24.946899 
26.193377 
25.980604 
27.244362 
23.121395 
25.696335 
24.417393 
25.472658 
27.044678 
25.063583 
26.172844 
25.964331 
27.341179 
23.141630 
25.585260 
24.553299 
25.416817 
26.937017 
24.947144 
26.220030 
25.972359 
27.196474 
23.219847 
25.722511 
24.535511 
25.414995 
26.855131 
24.832527 
26.363970 
26.039825 
27.076303 
23.183405 
25.700729 
24.466063 
25.487221 
26.936773 
24.839668 
26.376850 
25.970049 
26.923012 
23.186434 
25.596706 
24.499424 
25.556971 
26.776913 
24.886850 
26.287844 
25.874182 
27.026794 
23.315226 
25.472925 
24.582676 
25.619202 
26.659737 
24.934023 
26.253872 
25.889040 
26.965618 
23.161751 
25.517593 
24.476215 
25.567013 
26.766712 
24.996412 
26.363531 
25.744736 
26.947140 
23.132206 
25.631823 
24.431280 
25.438650 
26.619938 
25.183897 
26.294249 
25.904219 
26.858040 
23.077057 
25.763290 
24.447058 
25.477354 
26.601242 
25.138918 
26.417065 
25.779551 
27.142166 
22.996449 
25.812281 
24.463905 
25.467340 
26.505951 
25.181261 
26.365227 
25.665956 
27.128580 
22.950354 
25.862623 
24.445303 
25.476908 
26.518909 
25.222332 
26.533274 
25.625551 
27.085909 
22.963928 
25.974289 
24.470875 
25.705490 
26.433884 
25.181793 
26.422127 
25.650702 
27.134708 
22.892080 
25.901049 
24.550457 
25.837893 
26.494215 
25.195890 
26.370647 
25.487465 
27.069117 
23.025198 
25.941492 
24.548096 
